15:04:45.508 debug: 2025/12/18 下午3:04:45
15:04:45.508 debug: Project: /Users/batman_work/workspace3.0/applearning/_wenCocosDemo
15:04:45.508 debug: Targets: editor,preview
15:04:45.510 debug: Incremental file seems great.
15:04:45.510 debug: Engine path: /Applications/Cocos/Creator/3.8.7/CocosCreator.app/Contents/Resources/resources/3d/engine
15:04:45.514 debug: Initializing target [Editor]
15:04:45.515 debug: Loading cache
15:04:45.515 debug: Loading cache costs 0.5732920000000377ms.
15:04:45.515 debug: Engine features shipped in editor: base,gfx-webgl,gfx-webgl2,gfx-empty,gfx-webgpu,3d,animation,skeletal-animation,2d,rich-text,mask,graphics,ui-skew,ui,affine-transform,sorting-2d,particle,particle-2d,physics-framework,physics-cannon,physics-physx,physics-ammo,physics-builtin,physics-2d-framework,physics-2d-box2d-jsb,physics-2d-box2d,physics-2d-builtin,physics-2d-box2d-wasm,intersection-2d,primitive,profiler,occlusion-query,geometry-renderer,debug-renderer,audio,video,xr,light-probe,terrain,webview,tween,tiled-map,vendor-google,spine-3.8,spine-4.2,dragon-bones,marionette,procedural-animation,custom-pipeline,custom-pipeline-builtin-scripts,custom-pipeline-post-process,legacy-pipeline,websocket,websocket-server,meshopt
15:04:45.515 debug: Our import map(foo:/bar): {
  "imports": {
    "cc": "cce:/internal/x/cc"
  }
}
15:04:45.515 debug: Initializing target [Preview]
15:04:45.516 debug: Loading cache
15:04:45.516 debug: Loading cache costs 0.4919999999997344ms.
15:04:45.516 debug: Our import map(foo:/bar): {
  "imports": {
    "cc": "cce:/internal/x/cc"
  }
}
15:04:45.545 debug: Sync engine features: 2d,affine-transform,animation,audio,base,custom-pipeline,dragon-bones,gfx-webgl,gfx-webgl2,graphics,intersection-2d,mask,particle-2d,physics-2d-box2d,profiler,rich-text,spine-3.8,tiled-map,tween,ui,video,webview
15:04:45.547 debug: Reset databases. Enumerated domains: [
  {
    "root": "db://internal/",
    "physical": "/Applications/Cocos/Creator/3.8.7/CocosCreator.app/Contents/Resources/resources/3d/engine/editor/assets"
  },
  {
    "root": "db://assets/",
    "physical": "/Users/batman_work/workspace3.0/applearning/_wenCocosDemo/assets"
  }
]
15:04:45.547 debug: Our import map(foo:/bar): {
  "imports": {
    "cc": "cce:/internal/x/cc",
    "db://internal/": "file:///Applications/Cocos/Creator/3.8.7/CocosCreator.app/Contents/Resources/resources/3d/engine/editor/assets/",
    "db://assets/": "file:///Users/batman_work/workspace3.0/applearning/_wenCocosDemo/assets/"
  }
}
15:04:45.548 debug: Our import map(foo:/bar): {
  "imports": {
    "cc": "cce:/internal/x/cc",
    "db://internal/": "file:///Applications/Cocos/Creator/3.8.7/CocosCreator.app/Contents/Resources/resources/3d/engine/editor/assets/",
    "db://assets/": "file:///Users/batman_work/workspace3.0/applearning/_wenCocosDemo/assets/"
  }
}
15:04:45.548 debug: Pulling asset-db.
15:04:45.549 debug: Fetch asset-db cost: 1.098624999999629ms.
15:04:45.550 debug: Build iteration starts.
Number of accumulated asset changes: 0
Feature changed: false
15:04:45.550 debug: Target(editor) build started.
15:04:45.551 debug: Detected change: cce:/internal/x/cc. Last mtime: Thu Jan 01 1970 08:00:06 GMT+0800 (台北標準時間), Current mtime: Thu Jan 01 1970 08:00:04 GMT+0800 (台北標準時間)
15:04:45.551 debug: Inspect cce:/internal/x/cc
15:04:45.571 debug: transform url: 'cce:/internal/x/cc' costs: 19.60 ms
15:04:45.572 debug: Resolve cce:/internal/x/cc-fu/base from cce:/internal/x/cc as external dependency cce:/internal/x/cc-fu/base.
15:04:45.572 debug: Resolve cce:/internal/x/cc-fu/gfx-webgl from cce:/internal/x/cc as external dependency cce:/internal/x/cc-fu/gfx-webgl.
15:04:45.572 debug: Resolve cce:/internal/x/cc-fu/gfx-webgl2 from cce:/internal/x/cc as external dependency cce:/internal/x/cc-fu/gfx-webgl2.
15:04:45.572 debug: Resolve cce:/internal/x/cc-fu/gfx-empty from cce:/internal/x/cc as external dependency cce:/internal/x/cc-fu/gfx-empty.
15:04:45.572 debug: Resolve cce:/internal/x/cc-fu/gfx-webgpu from cce:/internal/x/cc as external dependency cce:/internal/x/cc-fu/gfx-webgpu.
15:04:45.572 debug: Resolve cce:/internal/x/cc-fu/3d from cce:/internal/x/cc as external dependency cce:/internal/x/cc-fu/3d.
15:04:45.572 debug: Resolve cce:/internal/x/cc-fu/animation from cce:/internal/x/cc as external dependency cce:/internal/x/cc-fu/animation.
15:04:45.572 debug: Resolve cce:/internal/x/cc-fu/skeletal-animation from cce:/internal/x/cc as external dependency cce:/internal/x/cc-fu/skeletal-animation.
15:04:45.572 debug: Resolve cce:/internal/x/cc-fu/2d from cce:/internal/x/cc as external dependency cce:/internal/x/cc-fu/2d.
15:04:45.572 debug: Resolve cce:/internal/x/cc-fu/sorting from cce:/internal/x/cc as external dependency cce:/internal/x/cc-fu/sorting.
15:04:45.572 debug: Resolve cce:/internal/x/cc-fu/rich-text from cce:/internal/x/cc as external dependency cce:/internal/x/cc-fu/rich-text.
15:04:45.572 debug: Resolve cce:/internal/x/cc-fu/mask from cce:/internal/x/cc as external dependency cce:/internal/x/cc-fu/mask.
15:04:45.572 debug: Resolve cce:/internal/x/cc-fu/graphics from cce:/internal/x/cc as external dependency cce:/internal/x/cc-fu/graphics.
15:04:45.572 debug: Resolve cce:/internal/x/cc-fu/ui-skew from cce:/internal/x/cc as external dependency cce:/internal/x/cc-fu/ui-skew.
15:04:45.572 debug: Resolve cce:/internal/x/cc-fu/ui from cce:/internal/x/cc as external dependency cce:/internal/x/cc-fu/ui.
15:04:45.572 debug: Resolve cce:/internal/x/cc-fu/affine-transform from cce:/internal/x/cc as external dependency cce:/internal/x/cc-fu/affine-transform.
15:04:45.572 debug: Resolve cce:/internal/x/cc-fu/sorting-2d from cce:/internal/x/cc as external dependency cce:/internal/x/cc-fu/sorting-2d.
15:04:45.572 debug: Resolve cce:/internal/x/cc-fu/particle from cce:/internal/x/cc as external dependency cce:/internal/x/cc-fu/particle.
15:04:45.572 debug: Resolve cce:/internal/x/cc-fu/particle-2d from cce:/internal/x/cc as external dependency cce:/internal/x/cc-fu/particle-2d.
15:04:45.572 debug: Resolve cce:/internal/x/cc-fu/physics-framework from cce:/internal/x/cc as external dependency cce:/internal/x/cc-fu/physics-framework.
15:04:45.572 debug: Resolve cce:/internal/x/cc-fu/physics-cannon from cce:/internal/x/cc as external dependency cce:/internal/x/cc-fu/physics-cannon.
15:04:45.572 debug: Resolve cce:/internal/x/cc-fu/physics-physx from cce:/internal/x/cc as external dependency cce:/internal/x/cc-fu/physics-physx.
15:04:45.572 debug: Resolve cce:/internal/x/cc-fu/physics-ammo from cce:/internal/x/cc as external dependency cce:/internal/x/cc-fu/physics-ammo.
15:04:45.572 debug: Resolve cce:/internal/x/cc-fu/physics-builtin from cce:/internal/x/cc as external dependency cce:/internal/x/cc-fu/physics-builtin.
15:04:45.572 debug: Resolve cce:/internal/x/cc-fu/physics-2d-framework from cce:/internal/x/cc as external dependency cce:/internal/x/cc-fu/physics-2d-framework.
15:04:45.572 debug: Resolve cce:/internal/x/cc-fu/physics-2d-box2d-jsb from cce:/internal/x/cc as external dependency cce:/internal/x/cc-fu/physics-2d-box2d-jsb.
15:04:45.572 debug: Resolve cce:/internal/x/cc-fu/physics-2d-box2d from cce:/internal/x/cc as external dependency cce:/internal/x/cc-fu/physics-2d-box2d.
15:04:45.572 debug: Resolve cce:/internal/x/cc-fu/physics-2d-builtin from cce:/internal/x/cc as external dependency cce:/internal/x/cc-fu/physics-2d-builtin.
15:04:45.572 debug: Resolve cce:/internal/x/cc-fu/physics-2d-box2d-wasm from cce:/internal/x/cc as external dependency cce:/internal/x/cc-fu/physics-2d-box2d-wasm.
15:04:45.572 debug: Resolve cce:/internal/x/cc-fu/intersection-2d from cce:/internal/x/cc as external dependency cce:/internal/x/cc-fu/intersection-2d.
15:04:45.572 debug: Resolve cce:/internal/x/cc-fu/primitive from cce:/internal/x/cc as external dependency cce:/internal/x/cc-fu/primitive.
15:04:45.572 debug: Resolve cce:/internal/x/cc-fu/profiler from cce:/internal/x/cc as external dependency cce:/internal/x/cc-fu/profiler.
15:04:45.572 debug: Resolve cce:/internal/x/cc-fu/geometry-renderer from cce:/internal/x/cc as external dependency cce:/internal/x/cc-fu/geometry-renderer.
15:04:45.572 debug: Resolve cce:/internal/x/cc-fu/audio from cce:/internal/x/cc as external dependency cce:/internal/x/cc-fu/audio.
15:04:45.572 debug: Resolve cce:/internal/x/cc-fu/video from cce:/internal/x/cc as external dependency cce:/internal/x/cc-fu/video.
15:04:45.572 debug: Resolve cce:/internal/x/cc-fu/xr from cce:/internal/x/cc as external dependency cce:/internal/x/cc-fu/xr.
15:04:45.572 debug: Resolve cce:/internal/x/cc-fu/light-probe from cce:/internal/x/cc as external dependency cce:/internal/x/cc-fu/light-probe.
15:04:45.572 debug: Resolve cce:/internal/x/cc-fu/terrain from cce:/internal/x/cc as external dependency cce:/internal/x/cc-fu/terrain.
15:04:45.572 debug: Resolve cce:/internal/x/cc-fu/webview from cce:/internal/x/cc as external dependency cce:/internal/x/cc-fu/webview.
15:04:45.572 debug: Resolve cce:/internal/x/cc-fu/tween from cce:/internal/x/cc as external dependency cce:/internal/x/cc-fu/tween.
15:04:45.572 debug: Resolve cce:/internal/x/cc-fu/tiled-map from cce:/internal/x/cc as external dependency cce:/internal/x/cc-fu/tiled-map.
15:04:45.572 debug: Resolve cce:/internal/x/cc-fu/vendor-google from cce:/internal/x/cc as external dependency cce:/internal/x/cc-fu/vendor-google.
15:04:45.572 debug: Resolve cce:/internal/x/cc-fu/spine from cce:/internal/x/cc as external dependency cce:/internal/x/cc-fu/spine.
15:04:45.572 debug: Resolve cce:/internal/x/cc-fu/dragon-bones from cce:/internal/x/cc as external dependency cce:/internal/x/cc-fu/dragon-bones.
15:04:45.572 debug: Resolve cce:/internal/x/cc-fu/custom-pipeline from cce:/internal/x/cc as external dependency cce:/internal/x/cc-fu/custom-pipeline.
15:04:45.572 debug: Resolve cce:/internal/x/cc-fu/custom-pipeline-post-process from cce:/internal/x/cc as external dependency cce:/internal/x/cc-fu/custom-pipeline-post-process.
15:04:45.572 debug: Resolve cce:/internal/x/cc-fu/legacy-pipeline from cce:/internal/x/cc as external dependency cce:/internal/x/cc-fu/legacy-pipeline.
15:04:45.572 debug: Detected change: cce:/internal/x/prerequisite-imports. Last mtime: Thu Jan 01 1970 08:03:03 GMT+0800 (台北標準時間), Current mtime: Thu Jan 01 1970 08:00:04 GMT+0800 (台北標準時間)
15:04:45.572 debug: Inspect cce:/internal/x/prerequisite-imports
15:04:45.577 debug: transform url: 'cce:/internal/x/prerequisite-imports' costs: 4.20 ms
15:04:45.579 debug: Target(editor) ends with cost 28.827124999999796ms.
15:04:45.579 debug: Target(preview) build started.
15:04:45.579 debug: Detected change: cce:/internal/x/cc. Last mtime: Thu Jan 01 1970 08:00:06 GMT+0800 (台北標準時間), Current mtime: Thu Jan 01 1970 08:00:04 GMT+0800 (台北標準時間)
15:04:45.579 debug: Inspect cce:/internal/x/cc
15:04:45.588 debug: transform url: 'cce:/internal/x/cc' costs: 8.50 ms
15:04:45.588 debug: Resolve cce:/internal/x/cc-fu/2d from cce:/internal/x/cc as external dependency cce:/internal/x/cc-fu/2d.
15:04:45.588 debug: Resolve cce:/internal/x/cc-fu/sorting from cce:/internal/x/cc as external dependency cce:/internal/x/cc-fu/sorting.
15:04:45.588 debug: Resolve cce:/internal/x/cc-fu/affine-transform from cce:/internal/x/cc as external dependency cce:/internal/x/cc-fu/affine-transform.
15:04:45.588 debug: Resolve cce:/internal/x/cc-fu/animation from cce:/internal/x/cc as external dependency cce:/internal/x/cc-fu/animation.
15:04:45.588 debug: Resolve cce:/internal/x/cc-fu/audio from cce:/internal/x/cc as external dependency cce:/internal/x/cc-fu/audio.
15:04:45.588 debug: Resolve cce:/internal/x/cc-fu/base from cce:/internal/x/cc as external dependency cce:/internal/x/cc-fu/base.
15:04:45.588 debug: Resolve cce:/internal/x/cc-fu/custom-pipeline from cce:/internal/x/cc as external dependency cce:/internal/x/cc-fu/custom-pipeline.
15:04:45.588 debug: Resolve cce:/internal/x/cc-fu/dragon-bones from cce:/internal/x/cc as external dependency cce:/internal/x/cc-fu/dragon-bones.
15:04:45.588 debug: Resolve cce:/internal/x/cc-fu/gfx-webgl from cce:/internal/x/cc as external dependency cce:/internal/x/cc-fu/gfx-webgl.
15:04:45.588 debug: Resolve cce:/internal/x/cc-fu/gfx-webgl2 from cce:/internal/x/cc as external dependency cce:/internal/x/cc-fu/gfx-webgl2.
15:04:45.588 debug: Resolve cce:/internal/x/cc-fu/graphics from cce:/internal/x/cc as external dependency cce:/internal/x/cc-fu/graphics.
15:04:45.588 debug: Resolve cce:/internal/x/cc-fu/intersection-2d from cce:/internal/x/cc as external dependency cce:/internal/x/cc-fu/intersection-2d.
15:04:45.588 debug: Resolve cce:/internal/x/cc-fu/mask from cce:/internal/x/cc as external dependency cce:/internal/x/cc-fu/mask.
15:04:45.588 debug: Resolve cce:/internal/x/cc-fu/particle-2d from cce:/internal/x/cc as external dependency cce:/internal/x/cc-fu/particle-2d.
15:04:45.588 debug: Resolve cce:/internal/x/cc-fu/physics-2d-box2d from cce:/internal/x/cc as external dependency cce:/internal/x/cc-fu/physics-2d-box2d.
15:04:45.588 debug: Resolve cce:/internal/x/cc-fu/physics-2d-framework from cce:/internal/x/cc as external dependency cce:/internal/x/cc-fu/physics-2d-framework.
15:04:45.588 debug: Resolve cce:/internal/x/cc-fu/profiler from cce:/internal/x/cc as external dependency cce:/internal/x/cc-fu/profiler.
15:04:45.588 debug: Resolve cce:/internal/x/cc-fu/rich-text from cce:/internal/x/cc as external dependency cce:/internal/x/cc-fu/rich-text.
15:04:45.588 debug: Resolve cce:/internal/x/cc-fu/spine from cce:/internal/x/cc as external dependency cce:/internal/x/cc-fu/spine.
15:04:45.588 debug: Resolve cce:/internal/x/cc-fu/tiled-map from cce:/internal/x/cc as external dependency cce:/internal/x/cc-fu/tiled-map.
15:04:45.588 debug: Resolve cce:/internal/x/cc-fu/tween from cce:/internal/x/cc as external dependency cce:/internal/x/cc-fu/tween.
15:04:45.588 debug: Resolve cce:/internal/x/cc-fu/ui from cce:/internal/x/cc as external dependency cce:/internal/x/cc-fu/ui.
15:04:45.588 debug: Resolve cce:/internal/x/cc-fu/video from cce:/internal/x/cc as external dependency cce:/internal/x/cc-fu/video.
15:04:45.588 debug: Resolve cce:/internal/x/cc-fu/webview from cce:/internal/x/cc as external dependency cce:/internal/x/cc-fu/webview.
15:04:45.588 debug: Detected change: cce:/internal/x/prerequisite-imports. Last mtime: Thu Jan 01 1970 08:03:04 GMT+0800 (台北標準時間), Current mtime: Thu Jan 01 1970 08:00:04 GMT+0800 (台北標準時間)
15:04:45.588 debug: Inspect cce:/internal/x/prerequisite-imports
15:04:45.593 debug: transform url: 'cce:/internal/x/prerequisite-imports' costs: 4.40 ms
15:04:45.594 debug: Target(preview) ends with cost 15.756249999999454ms.
15:04:46.218 debug: Pulling asset-db.
15:04:46.469 debug: Fetch asset-db cost: 251.11033300000054ms.
15:04:46.470 debug: Build iteration starts.
Number of accumulated asset changes: 8
Feature changed: false
15:04:46.471 debug: Target(editor) build started.
15:04:46.472 debug: Detected change: cce:/internal/x/prerequisite-imports. Last mtime: Thu Jan 01 1970 08:00:04 GMT+0800 (台北標準時間), Current mtime: Thu Jan 01 1970 08:00:05 GMT+0800 (台北標準時間)
15:04:46.472 debug: Inspect cce:/internal/x/prerequisite-imports
15:04:46.476 debug: transform url: 'cce:/internal/x/prerequisite-imports' costs: 4.30 ms
15:04:46.477 debug: Resolve file:///Applications/Cocos/Creator/3.8.7/CocosCreator.app/Contents/Resources/resources/3d/engine/editor/assets/default_renderpipeline/builtin-dof-pass.ts from cce:/internal/x/prerequisite-imports as file:///Applications/Cocos/Creator/3.8.7/CocosCreator.app/Contents/Resources/resources/3d/engine/editor/assets/default_renderpipeline/builtin-dof-pass.ts.
15:04:46.477 debug: Resolve file:///Applications/Cocos/Creator/3.8.7/CocosCreator.app/Contents/Resources/resources/3d/engine/editor/assets/default_renderpipeline/builtin-pipeline-pass.ts from cce:/internal/x/prerequisite-imports as file:///Applications/Cocos/Creator/3.8.7/CocosCreator.app/Contents/Resources/resources/3d/engine/editor/assets/default_renderpipeline/builtin-pipeline-pass.ts.
15:04:46.477 debug: Resolve file:///Applications/Cocos/Creator/3.8.7/CocosCreator.app/Contents/Resources/resources/3d/engine/editor/assets/default_renderpipeline/builtin-pipeline-settings.ts from cce:/internal/x/prerequisite-imports as file:///Applications/Cocos/Creator/3.8.7/CocosCreator.app/Contents/Resources/resources/3d/engine/editor/assets/default_renderpipeline/builtin-pipeline-settings.ts.
15:04:46.477 debug: Resolve file:///Applications/Cocos/Creator/3.8.7/CocosCreator.app/Contents/Resources/resources/3d/engine/editor/assets/default_renderpipeline/builtin-pipeline-types.ts from cce:/internal/x/prerequisite-imports as file:///Applications/Cocos/Creator/3.8.7/CocosCreator.app/Contents/Resources/resources/3d/engine/editor/assets/default_renderpipeline/builtin-pipeline-types.ts.
15:04:46.477 debug: Resolve file:///Applications/Cocos/Creator/3.8.7/CocosCreator.app/Contents/Resources/resources/3d/engine/editor/assets/default_renderpipeline/builtin-pipeline.ts from cce:/internal/x/prerequisite-imports as file:///Applications/Cocos/Creator/3.8.7/CocosCreator.app/Contents/Resources/resources/3d/engine/editor/assets/default_renderpipeline/builtin-pipeline.ts.
15:04:46.477 debug: Resolve file:///Applications/Cocos/Creator/3.8.7/CocosCreator.app/Contents/Resources/resources/3d/engine/editor/assets/tools/debug-view-runtime-control.ts from cce:/internal/x/prerequisite-imports as file:///Applications/Cocos/Creator/3.8.7/CocosCreator.app/Contents/Resources/resources/3d/engine/editor/assets/tools/debug-view-runtime-control.ts.
15:04:46.477 debug: Resolve file:///Users/batman_work/workspace3.0/applearning/_wenCocosDemo/assets/Scripts/AudioManager.ts from cce:/internal/x/prerequisite-imports as file:///Users/batman_work/workspace3.0/applearning/_wenCocosDemo/assets/Scripts/AudioManager.ts.
15:04:46.477 debug: Inspect file:///Users/batman_work/workspace3.0/applearning/_wenCocosDemo/assets/Scripts/AudioManager.ts
15:04:46.499 debug: transform url: 'file:///Users/batman_work/workspace3.0/applearning/_wenCocosDemo/assets/Scripts/AudioManager.ts' costs: 21.20 ms
15:04:46.499 debug: Resolve file:///Users/batman_work/workspace3.0/applearning/_wenCocosDemo/assets/Scripts/test_1.ts from cce:/internal/x/prerequisite-imports as file:///Users/batman_work/workspace3.0/applearning/_wenCocosDemo/assets/Scripts/test_1.ts.
15:04:46.500 debug: Inspect file:///Users/batman_work/workspace3.0/applearning/_wenCocosDemo/assets/Scripts/test_1.ts
15:04:46.508 debug: transform url: 'file:///Users/batman_work/workspace3.0/applearning/_wenCocosDemo/assets/Scripts/test_1.ts' costs: 8.50 ms
15:04:46.509 debug: Detected change: cce:/internal/code-quality/cr.mjs. Last mtime: Thu Dec 18 2025 14:43:50 GMT+0800 (台北標準時間), Current mtime: Thu Dec 18 2025 15:04:41 GMT+0800 (台北標準時間)
15:04:46.509 debug: Inspect cce:/internal/code-quality/cr.mjs
15:04:46.512 debug: transform url: 'cce:/internal/code-quality/cr.mjs' costs: 2.80 ms
15:04:46.512 debug: Resolve cc from file:///Users/batman_work/workspace3.0/applearning/_wenCocosDemo/assets/Scripts/AudioManager.ts as cce:/internal/x/cc.
15:04:46.512 debug: Resolve cc from file:///Users/batman_work/workspace3.0/applearning/_wenCocosDemo/assets/Scripts/AudioManager.ts as cce:/internal/x/cc.
15:04:46.512 debug: Resolve cc from file:///Users/batman_work/workspace3.0/applearning/_wenCocosDemo/assets/Scripts/AudioManager.ts as cce:/internal/x/cc.
15:04:46.512 debug: Resolve cc from file:///Users/batman_work/workspace3.0/applearning/_wenCocosDemo/assets/Scripts/test_1.ts as cce:/internal/x/cc.
15:04:46.512 debug: Resolve cc from file:///Users/batman_work/workspace3.0/applearning/_wenCocosDemo/assets/Scripts/test_1.ts as cce:/internal/x/cc.
15:04:46.512 debug: Resolve cc from file:///Users/batman_work/workspace3.0/applearning/_wenCocosDemo/assets/Scripts/test_1.ts as cce:/internal/x/cc.
15:04:46.515 debug: Target(editor) ends with cost 44.403166000000056ms.
15:04:46.515 debug: Target(preview) build started.
15:04:46.516 debug: Detected change: cce:/internal/x/prerequisite-imports. Last mtime: Thu Jan 01 1970 08:00:04 GMT+0800 (台北標準時間), Current mtime: Thu Jan 01 1970 08:00:05 GMT+0800 (台北標準時間)
15:04:46.516 debug: Inspect cce:/internal/x/prerequisite-imports
15:04:46.519 debug: transform url: 'cce:/internal/x/prerequisite-imports' costs: 3.00 ms
15:04:46.519 debug: Resolve file:///Applications/Cocos/Creator/3.8.7/CocosCreator.app/Contents/Resources/resources/3d/engine/editor/assets/default_renderpipeline/builtin-dof-pass.ts from cce:/internal/x/prerequisite-imports as file:///Applications/Cocos/Creator/3.8.7/CocosCreator.app/Contents/Resources/resources/3d/engine/editor/assets/default_renderpipeline/builtin-dof-pass.ts.
15:04:46.519 debug: Resolve file:///Applications/Cocos/Creator/3.8.7/CocosCreator.app/Contents/Resources/resources/3d/engine/editor/assets/default_renderpipeline/builtin-pipeline-pass.ts from cce:/internal/x/prerequisite-imports as file:///Applications/Cocos/Creator/3.8.7/CocosCreator.app/Contents/Resources/resources/3d/engine/editor/assets/default_renderpipeline/builtin-pipeline-pass.ts.
15:04:46.519 debug: Resolve file:///Applications/Cocos/Creator/3.8.7/CocosCreator.app/Contents/Resources/resources/3d/engine/editor/assets/default_renderpipeline/builtin-pipeline-settings.ts from cce:/internal/x/prerequisite-imports as file:///Applications/Cocos/Creator/3.8.7/CocosCreator.app/Contents/Resources/resources/3d/engine/editor/assets/default_renderpipeline/builtin-pipeline-settings.ts.
15:04:46.519 debug: Resolve file:///Applications/Cocos/Creator/3.8.7/CocosCreator.app/Contents/Resources/resources/3d/engine/editor/assets/default_renderpipeline/builtin-pipeline-types.ts from cce:/internal/x/prerequisite-imports as file:///Applications/Cocos/Creator/3.8.7/CocosCreator.app/Contents/Resources/resources/3d/engine/editor/assets/default_renderpipeline/builtin-pipeline-types.ts.
15:04:46.519 debug: Resolve file:///Applications/Cocos/Creator/3.8.7/CocosCreator.app/Contents/Resources/resources/3d/engine/editor/assets/default_renderpipeline/builtin-pipeline.ts from cce:/internal/x/prerequisite-imports as file:///Applications/Cocos/Creator/3.8.7/CocosCreator.app/Contents/Resources/resources/3d/engine/editor/assets/default_renderpipeline/builtin-pipeline.ts.
15:04:46.520 debug: Resolve file:///Applications/Cocos/Creator/3.8.7/CocosCreator.app/Contents/Resources/resources/3d/engine/editor/assets/tools/debug-view-runtime-control.ts from cce:/internal/x/prerequisite-imports as file:///Applications/Cocos/Creator/3.8.7/CocosCreator.app/Contents/Resources/resources/3d/engine/editor/assets/tools/debug-view-runtime-control.ts.
15:04:46.520 debug: Resolve file:///Users/batman_work/workspace3.0/applearning/_wenCocosDemo/assets/Scripts/AudioManager.ts from cce:/internal/x/prerequisite-imports as file:///Users/batman_work/workspace3.0/applearning/_wenCocosDemo/assets/Scripts/AudioManager.ts.
15:04:46.520 debug: Inspect file:///Users/batman_work/workspace3.0/applearning/_wenCocosDemo/assets/Scripts/AudioManager.ts
15:04:46.531 debug: transform url: 'file:///Users/batman_work/workspace3.0/applearning/_wenCocosDemo/assets/Scripts/AudioManager.ts' costs: 11.50 ms
15:04:46.532 debug: Resolve file:///Users/batman_work/workspace3.0/applearning/_wenCocosDemo/assets/Scripts/test_1.ts from cce:/internal/x/prerequisite-imports as file:///Users/batman_work/workspace3.0/applearning/_wenCocosDemo/assets/Scripts/test_1.ts.
15:04:46.532 debug: Inspect file:///Users/batman_work/workspace3.0/applearning/_wenCocosDemo/assets/Scripts/test_1.ts
15:04:46.543 debug: transform url: 'file:///Users/batman_work/workspace3.0/applearning/_wenCocosDemo/assets/Scripts/test_1.ts' costs: 11.30 ms
15:04:46.544 debug: Detected change: cce:/internal/code-quality/cr.mjs. Last mtime: Thu Dec 18 2025 14:43:50 GMT+0800 (台北標準時間), Current mtime: Thu Dec 18 2025 15:04:41 GMT+0800 (台北標準時間)
15:04:46.544 debug: Inspect cce:/internal/code-quality/cr.mjs
15:04:46.548 debug: transform url: 'cce:/internal/code-quality/cr.mjs' costs: 3.80 ms
15:04:46.548 debug: Resolve cc from file:///Users/batman_work/workspace3.0/applearning/_wenCocosDemo/assets/Scripts/AudioManager.ts as cce:/internal/x/cc.
15:04:46.548 debug: Resolve cc from file:///Users/batman_work/workspace3.0/applearning/_wenCocosDemo/assets/Scripts/AudioManager.ts as cce:/internal/x/cc.
15:04:46.548 debug: Resolve cc from file:///Users/batman_work/workspace3.0/applearning/_wenCocosDemo/assets/Scripts/AudioManager.ts as cce:/internal/x/cc.
15:04:46.548 debug: Resolve cc from file:///Users/batman_work/workspace3.0/applearning/_wenCocosDemo/assets/Scripts/test_1.ts as cce:/internal/x/cc.
15:04:46.548 debug: Resolve cc from file:///Users/batman_work/workspace3.0/applearning/_wenCocosDemo/assets/Scripts/test_1.ts as cce:/internal/x/cc.
15:04:46.548 debug: Resolve cc from file:///Users/batman_work/workspace3.0/applearning/_wenCocosDemo/assets/Scripts/test_1.ts as cce:/internal/x/cc.
15:04:46.563 debug: Target(preview) ends with cost 47.83674999999948ms.
15:14:08.990 debug: Dispatch build request for time accumulated 1 asset changes.
15:14:08.994 debug: Build iteration starts.
Number of accumulated asset changes: 1
Feature changed: false
15:14:08.995 debug: Target(editor) build started.
15:14:08.997 debug: Detected change: cce:/internal/x/prerequisite-imports. Last mtime: Thu Jan 01 1970 08:00:05 GMT+0800 (台北標準時間), Current mtime: Thu Jan 01 1970 08:09:27 GMT+0800 (台北標準時間)
15:14:08.997 debug: Inspect cce:/internal/x/prerequisite-imports
15:14:09.012 debug: transform url: 'cce:/internal/x/prerequisite-imports' costs: 14.70 ms
15:14:09.013 debug: Resolve file:///Applications/Cocos/Creator/3.8.7/CocosCreator.app/Contents/Resources/resources/3d/engine/editor/assets/default_renderpipeline/builtin-dof-pass.ts from cce:/internal/x/prerequisite-imports as file:///Applications/Cocos/Creator/3.8.7/CocosCreator.app/Contents/Resources/resources/3d/engine/editor/assets/default_renderpipeline/builtin-dof-pass.ts.
15:14:09.013 debug: Resolve file:///Applications/Cocos/Creator/3.8.7/CocosCreator.app/Contents/Resources/resources/3d/engine/editor/assets/default_renderpipeline/builtin-pipeline-pass.ts from cce:/internal/x/prerequisite-imports as file:///Applications/Cocos/Creator/3.8.7/CocosCreator.app/Contents/Resources/resources/3d/engine/editor/assets/default_renderpipeline/builtin-pipeline-pass.ts.
15:14:09.013 debug: Resolve file:///Applications/Cocos/Creator/3.8.7/CocosCreator.app/Contents/Resources/resources/3d/engine/editor/assets/default_renderpipeline/builtin-pipeline-settings.ts from cce:/internal/x/prerequisite-imports as file:///Applications/Cocos/Creator/3.8.7/CocosCreator.app/Contents/Resources/resources/3d/engine/editor/assets/default_renderpipeline/builtin-pipeline-settings.ts.
15:14:09.013 debug: Resolve file:///Applications/Cocos/Creator/3.8.7/CocosCreator.app/Contents/Resources/resources/3d/engine/editor/assets/default_renderpipeline/builtin-pipeline-types.ts from cce:/internal/x/prerequisite-imports as file:///Applications/Cocos/Creator/3.8.7/CocosCreator.app/Contents/Resources/resources/3d/engine/editor/assets/default_renderpipeline/builtin-pipeline-types.ts.
15:14:09.013 debug: Resolve file:///Applications/Cocos/Creator/3.8.7/CocosCreator.app/Contents/Resources/resources/3d/engine/editor/assets/default_renderpipeline/builtin-pipeline.ts from cce:/internal/x/prerequisite-imports as file:///Applications/Cocos/Creator/3.8.7/CocosCreator.app/Contents/Resources/resources/3d/engine/editor/assets/default_renderpipeline/builtin-pipeline.ts.
15:14:09.013 debug: Resolve file:///Applications/Cocos/Creator/3.8.7/CocosCreator.app/Contents/Resources/resources/3d/engine/editor/assets/tools/debug-view-runtime-control.ts from cce:/internal/x/prerequisite-imports as file:///Applications/Cocos/Creator/3.8.7/CocosCreator.app/Contents/Resources/resources/3d/engine/editor/assets/tools/debug-view-runtime-control.ts.
15:14:09.013 debug: Resolve file:///Users/batman_work/workspace3.0/applearning/_wenCocosDemo/assets/Scripts/AudioManager.ts from cce:/internal/x/prerequisite-imports as file:///Users/batman_work/workspace3.0/applearning/_wenCocosDemo/assets/Scripts/AudioManager.ts.
15:14:09.013 debug: Resolve file:///Users/batman_work/workspace3.0/applearning/_wenCocosDemo/assets/Scripts/test_01.ts from cce:/internal/x/prerequisite-imports as file:///Users/batman_work/workspace3.0/applearning/_wenCocosDemo/assets/Scripts/test_01.ts.
15:14:09.013 debug: Inspect file:///Users/batman_work/workspace3.0/applearning/_wenCocosDemo/assets/Scripts/test_01.ts
15:14:09.036 debug: transform url: 'file:///Users/batman_work/workspace3.0/applearning/_wenCocosDemo/assets/Scripts/test_01.ts' costs: 23.00 ms
15:14:09.037 debug: Resolve cc from file:///Users/batman_work/workspace3.0/applearning/_wenCocosDemo/assets/Scripts/test_01.ts as cce:/internal/x/cc.
15:14:09.037 debug: Resolve cc from file:///Users/batman_work/workspace3.0/applearning/_wenCocosDemo/assets/Scripts/test_01.ts as cce:/internal/x/cc.
15:14:09.037 debug: Resolve cc from file:///Users/batman_work/workspace3.0/applearning/_wenCocosDemo/assets/Scripts/test_01.ts as cce:/internal/x/cc.
15:14:09.039 debug: Target(editor) ends with cost 44.59570900001563ms.
15:14:09.040 debug: Target(preview) build started.
15:14:09.040 debug: Detected change: cce:/internal/x/prerequisite-imports. Last mtime: Thu Jan 01 1970 08:00:05 GMT+0800 (台北標準時間), Current mtime: Thu Jan 01 1970 08:09:27 GMT+0800 (台北標準時間)
15:14:09.040 debug: Inspect cce:/internal/x/prerequisite-imports
15:14:09.047 debug: transform url: 'cce:/internal/x/prerequisite-imports' costs: 6.40 ms
15:14:09.047 debug: Resolve file:///Applications/Cocos/Creator/3.8.7/CocosCreator.app/Contents/Resources/resources/3d/engine/editor/assets/default_renderpipeline/builtin-dof-pass.ts from cce:/internal/x/prerequisite-imports as file:///Applications/Cocos/Creator/3.8.7/CocosCreator.app/Contents/Resources/resources/3d/engine/editor/assets/default_renderpipeline/builtin-dof-pass.ts.
15:14:09.047 debug: Resolve file:///Applications/Cocos/Creator/3.8.7/CocosCreator.app/Contents/Resources/resources/3d/engine/editor/assets/default_renderpipeline/builtin-pipeline-pass.ts from cce:/internal/x/prerequisite-imports as file:///Applications/Cocos/Creator/3.8.7/CocosCreator.app/Contents/Resources/resources/3d/engine/editor/assets/default_renderpipeline/builtin-pipeline-pass.ts.
15:14:09.047 debug: Resolve file:///Applications/Cocos/Creator/3.8.7/CocosCreator.app/Contents/Resources/resources/3d/engine/editor/assets/default_renderpipeline/builtin-pipeline-settings.ts from cce:/internal/x/prerequisite-imports as file:///Applications/Cocos/Creator/3.8.7/CocosCreator.app/Contents/Resources/resources/3d/engine/editor/assets/default_renderpipeline/builtin-pipeline-settings.ts.
15:14:09.047 debug: Resolve file:///Applications/Cocos/Creator/3.8.7/CocosCreator.app/Contents/Resources/resources/3d/engine/editor/assets/default_renderpipeline/builtin-pipeline-types.ts from cce:/internal/x/prerequisite-imports as file:///Applications/Cocos/Creator/3.8.7/CocosCreator.app/Contents/Resources/resources/3d/engine/editor/assets/default_renderpipeline/builtin-pipeline-types.ts.
15:14:09.048 debug: Resolve file:///Applications/Cocos/Creator/3.8.7/CocosCreator.app/Contents/Resources/resources/3d/engine/editor/assets/default_renderpipeline/builtin-pipeline.ts from cce:/internal/x/prerequisite-imports as file:///Applications/Cocos/Creator/3.8.7/CocosCreator.app/Contents/Resources/resources/3d/engine/editor/assets/default_renderpipeline/builtin-pipeline.ts.
15:14:09.048 debug: Resolve file:///Applications/Cocos/Creator/3.8.7/CocosCreator.app/Contents/Resources/resources/3d/engine/editor/assets/tools/debug-view-runtime-control.ts from cce:/internal/x/prerequisite-imports as file:///Applications/Cocos/Creator/3.8.7/CocosCreator.app/Contents/Resources/resources/3d/engine/editor/assets/tools/debug-view-runtime-control.ts.
15:14:09.048 debug: Resolve file:///Users/batman_work/workspace3.0/applearning/_wenCocosDemo/assets/Scripts/AudioManager.ts from cce:/internal/x/prerequisite-imports as file:///Users/batman_work/workspace3.0/applearning/_wenCocosDemo/assets/Scripts/AudioManager.ts.
15:14:09.048 debug: Resolve file:///Users/batman_work/workspace3.0/applearning/_wenCocosDemo/assets/Scripts/test_01.ts from cce:/internal/x/prerequisite-imports as file:///Users/batman_work/workspace3.0/applearning/_wenCocosDemo/assets/Scripts/test_01.ts.
15:14:09.048 debug: Inspect file:///Users/batman_work/workspace3.0/applearning/_wenCocosDemo/assets/Scripts/test_01.ts
15:14:09.070 debug: transform url: 'file:///Users/batman_work/workspace3.0/applearning/_wenCocosDemo/assets/Scripts/test_01.ts' costs: 21.00 ms
15:14:09.071 debug: Resolve cc from file:///Users/batman_work/workspace3.0/applearning/_wenCocosDemo/assets/Scripts/test_01.ts as cce:/internal/x/cc.
15:14:09.071 debug: Resolve cc from file:///Users/batman_work/workspace3.0/applearning/_wenCocosDemo/assets/Scripts/test_01.ts as cce:/internal/x/cc.
15:14:09.071 debug: Resolve cc from file:///Users/batman_work/workspace3.0/applearning/_wenCocosDemo/assets/Scripts/test_01.ts as cce:/internal/x/cc.
15:14:09.075 debug: Target(preview) ends with cost 35.12649999989662ms.
